<?xml version="1.0" encoding="UTF-8"?>
<testng-results skipped="0" failed="0" ignored="0" total="1" passed="1">
  <reporter-output>
  </reporter-output>
  <suite name="Surefire suite" duration-ms="10" started-at="2022-01-13T10:52:40 IST" finished-at="2022-01-13T10:52:40 IST">
    <groups>
    </groups>
    <test name="Surefire test" duration-ms="10" started-at="2022-01-13T10:52:40 IST" finished-at="2022-01-13T10:52:40 IST">
      <class name="hitzProj.MavenJava.AppTest">
        <test-method status="PASS" signature="testApp()[pri:0, instance:testApp(hitzProj.MavenJava.AppTest)]" name="testApp" duration-ms="0" started-at="2022-01-13T10:52:40 IST" finished-at="2022-01-13T10:52:40 IST">
          <reporter-output>
          </reporter-output>
        </test-method> <!-- testApp -->
      </class> <!-- hitzProj.MavenJava.AppTest -->
    </test> <!-- Surefire test -->
  </suite> <!-- Surefire suite -->
</testng-results>
