<?xml version="1.0" encoding="UTF-8"?>
<!-- Generated by org.testng.reporters.JUnitXMLReporter -->
<testsuite hostname="LAPTOP-LDEDVD9B" ignored="0" name="Surefire test" tests="5" failures="0" timestamp="2022-01-13T10:52:40 IST" time="0.07" errors="0">
  <testcase name="NativeAppAndroid" time="0.005" classname="hitzProj.MavenJava.AppiumTest"/>
  <testcase name="nativeAppiOS" time="0.0" classname="hitzProj.MavenJava.AppiumTest"/>
  <testcase name="deleteTwitter" time="0.0" classname="hitzProj.MavenJava.RestAPITest"/>
  <testcase name="postJira" time="0.0" classname="hitzProj.MavenJava.RestAPITest"/>
  <testcase name="ElementsUI" time="0.001" classname="hitzProj.MavenJava.SeleniumTest"/>
</testsuite> <!-- Surefire test -->
