<?xml version="1.0" encoding="UTF-8"?>
<testng-results skipped="0" failed="0" ignored="0" total="5" passed="5">
  <reporter-output>
  </reporter-output>
  <suite name="Surefire suite" duration-ms="70" started-at="2022-01-13T10:52:40 IST" finished-at="2022-01-13T10:52:40 IST">
    <groups>
    </groups>
    <test name="Surefire test" duration-ms="70" started-at="2022-01-13T10:52:40 IST" finished-at="2022-01-13T10:52:40 IST">
      <class name="hitzProj.MavenJava.AppiumTest">
        <test-method status="PASS" signature="NativeAppAndroid()[pri:0, instance:hitzProj.MavenJava.AppiumTest@78c03f1f]" name="NativeAppAndroid" duration-ms="5" started-at="2022-01-13T10:52:40 IST" finished-at="2022-01-13T10:52:40 IST">
          <reporter-output>
          </reporter-output>
        </test-method> <!-- NativeAppAndroid -->
        <test-method status="PASS" signature="nativeAppiOS()[pri:0, instance:hitzProj.MavenJava.AppiumTest@78c03f1f]" name="nativeAppiOS" duration-ms="0" started-at="2022-01-13T10:52:40 IST" finished-at="2022-01-13T10:52:40 IST">
          <reporter-output>
          </reporter-output>
        </test-method> <!-- nativeAppiOS -->
      </class> <!-- hitzProj.MavenJava.AppiumTest -->
      <class name="hitzProj.MavenJava.SeleniumTest">
        <test-method status="PASS" signature="ElementsUI()[pri:0, instance:hitzProj.MavenJava.SeleniumTest@13a5fe33]" name="ElementsUI" duration-ms="1" started-at="2022-01-13T10:52:40 IST" finished-at="2022-01-13T10:52:40 IST">
          <reporter-output>
          </reporter-output>
        </test-method> <!-- ElementsUI -->
      </class> <!-- hitzProj.MavenJava.SeleniumTest -->
      <class name="hitzProj.MavenJava.RestAPITest">
        <test-method status="PASS" signature="deleteTwitter()[pri:0, instance:hitzProj.MavenJava.RestAPITest@527740a2]" name="deleteTwitter" duration-ms="0" started-at="2022-01-13T10:52:40 IST" finished-at="2022-01-13T10:52:40 IST">
          <reporter-output>
          </reporter-output>
        </test-method> <!-- deleteTwitter -->
        <test-method status="PASS" signature="postJira()[pri:0, instance:hitzProj.MavenJava.RestAPITest@527740a2]" name="postJira" duration-ms="0" started-at="2022-01-13T10:52:40 IST" finished-at="2022-01-13T10:52:40 IST">
          <reporter-output>
          </reporter-output>
        </test-method> <!-- postJira -->
      </class> <!-- hitzProj.MavenJava.RestAPITest -->
    </test> <!-- Surefire test -->
  </suite> <!-- Surefire suite -->
</testng-results>
