<?xml version="1.0" encoding="UTF-8"?>
<!-- Generated by org.testng.reporters.JUnitXMLReporter -->
<testsuite hostname="LAPTOP-LDEDVD9B" ignored="0" name="Test" tests="4" failures="0" timestamp="2022-01-13T11:46:22 IST" time="0.03" errors="0">
  <testcase name="deleteTwitter" time="0.003" classname="hitzProj.MavenJava.RestAPITest"/>
  <testcase name="postJira" time="0.0" classname="hitzProj.MavenJava.RestAPITest"/>
  <testcase name="BrowserAutomation" time="0.0" classname="hitzProj.MavenJava.SeleniumTest"/>
  <testcase name="ElementsUI" time="0.0" classname="hitzProj.MavenJava.SeleniumTest"/>
</testsuite> <!-- Test -->
